#
# A fatal error has been detected by the Java Runtime Environment:
#
#  Internal Error (safepoint.cpp:691), pid=10880, tid=0x0000000000001024
#  fatal error: Deadlock in safepoint code.  Should have called back to the VM before blocking.
#
# JRE version: Java(TM) SE Runtime Environment (8.0_301-b09) (build 1.8.0_301-b09)
# Java VM: Java HotSpot(TM) 64-Bit Server VM (25.301-b09 mixed mode windows-amd64 compressed oops)
# Failed to write core dump. Minidumps are not enabled by default on client versions of Windows
#
# If you would like to submit a bug report, please visit:
#   http://bugreport.java.com/bugreport/crash.jsp
#

---------------  T H R E A D  ---------------

Current thread (0x000001f6f9354800):  JavaThread "JavaFX Application Thread" [_thread_in_native_trans, id=4132, stack(0x00000062a8d00000,0x00000062a8e00000)]

Stack: [0x00000062a8d00000,0x00000062a8e00000]
Native frames: (J=compiled Java code, j=interpreted, Vv=VM code, C=native code)
V  [jvm.dll+0x32ed79]
V  [jvm.dll+0x275722]
V  [jvm.dll+0x2763cd]
V  [jvm.dll+0x26c9f6]
V  [jvm.dll+0x221e1a]
V  [jvm.dll+0x237eec]
V  [jvm.dll+0x14e7b7]
C  [glass.dll+0x508c]
C  [glass.dll+0x9dd1]
C  [glass.dll+0xa204]
C  [glass.dll+0x17bb]
C  [USER32.dll+0xe858]
C  [USER32.dll+0xe299]
C  [glass.dll+0xa6bd]
C  0x000001f6d4719fae

Java frames: (J=compiled Java code, j=interpreted, Vv=VM code)
j  com.sun.glass.ui.win.WinApplication._runLoop(Ljava/lang/Runnable;)V+0
j  com.sun.glass.ui.win.WinApplication.lambda$null$4(ILjava/lang/Runnable;)V+8
j  com.sun.glass.ui.win.WinApplication$$Lambda$38.run()V+12
j  java.lang.Thread.run()V+11
v  ~StubRoutines::call_stub

---------------  P R O C E S S  ---------------

Java Threads: ( => current thread )
  0x000001f6fef51800 JavaThread "Abandoned connection cleanup thread" daemon [_thread_blocked, id=15624, stack(0x00000062a9900000,0x00000062a9a00000)]
  0x000001f6f96a7800 JavaThread "Prism Font Disposer" daemon [_thread_blocked, id=15156, stack(0x00000062a9600000,0x00000062a9700000)]
  0x000001f6f95b2000 JavaThread "Thread-3" daemon [_thread_blocked, id=9484, stack(0x00000062a9100000,0x00000062a9200000)]
  0x000001f6f95e1800 JavaThread "JavaFX-Launcher" [_thread_blocked, id=9096, stack(0x00000062a9200000,0x00000062a9300000)]
=>0x000001f6f9354800 JavaThread "JavaFX Application Thread" [_thread_in_native_trans, id=4132, stack(0x00000062a8d00000,0x00000062a8e00000)]
  0x000001f6f9350800 JavaThread "Thread-1" daemon [_thread_blocked, id=14592, stack(0x00000062a8c00000,0x00000062a8d00000)]
  0x000001f6f92eb000 JavaThread "QuantumRenderer-0" daemon [_thread_blocked, id=8656, stack(0x00000062a8b00000,0x00000062a8c00000)]
  0x000001f6f8c7e000 JavaThread "Service Thread" daemon [_thread_blocked, id=9092, stack(0x00000062a8900000,0x00000062a8a00000)]
  0x000001f6f788c000 JavaThread "C1 CompilerThread3" daemon [_thread_blocked, id=19656, stack(0x00000062a8800000,0x00000062a8900000)]
  0x000001f6f7845000 JavaThread "C2 CompilerThread2" daemon [_thread_blocked, id=6056, stack(0x00000062a8700000,0x00000062a8800000)]
  0x000001f6f7842800 JavaThread "C2 CompilerThread1" daemon [_thread_blocked, id=3208, stack(0x00000062a8600000,0x00000062a8700000)]
  0x000001f6f783e800 JavaThread "C2 CompilerThread0" daemon [_thread_blocked, id=2296, stack(0x00000062a8500000,0x00000062a8600000)]
  0x000001f6f783a800 JavaThread "Attach Listener" daemon [_thread_blocked, id=3048, stack(0x00000062a8400000,0x00000062a8500000)]
  0x000001f6f7889800 JavaThread "Signal Dispatcher" daemon [_thread_blocked, id=11416, stack(0x00000062a8300000,0x00000062a8400000)]
  0x000001f6f7819000 JavaThread "Finalizer" daemon [_thread_blocked, id=8284, stack(0x00000062a8200000,0x00000062a8300000)]
  0x000001f6f780a000 JavaThread "Reference Handler" daemon [_thread_blocked, id=6236, stack(0x00000062a8100000,0x00000062a8200000)]
  0x000001f6d2d79000 JavaThread "main" [_thread_blocked, id=10196, stack(0x00000062a7700000,0x00000062a7800000)]

Other Threads:
  0x000001f6f77e2800 VMThread [stack: 0x00000062a8000000,0x00000062a8100000] [id=17232]
  0x000001f6f8c82000 WatcherThread [stack: 0x00000062a8a00000,0x00000062a8b00000] [id=2460]

VM state:synchronizing (normal execution)

VM Mutex/Monitor currently owned by a thread:  ([mutex/lock_event])
[0x000001f6d2d729f0] Threads_lock - owner thread: 0x000001f6f77e2800

heap address: 0x00000005c4400000, size: 8124 MB, Compressed Oops mode: Zero based, Oop shift amount: 3
Narrow klass base: 0x0000000000000000, Narrow klass shift: 3
Compressed class space size: 1073741824 Address: 0x00000007c0000000

Heap:
 PSYoungGen      total 151552K, used 57693K [0x0000000716c00000, 0x0000000721500000, 0x00000007c0000000)
  eden space 130048K, 44% used [0x0000000716c00000,0x000000071a4576b0,0x000000071eb00000)
  from space 21504K, 0% used [0x0000000720000000,0x0000000720000000,0x0000000721500000)
  to   space 21504K, 0% used [0x000000071eb00000,0x000000071eb00000,0x0000000720000000)
 ParOldGen       total 347136K, used 0K [0x00000005c4400000, 0x00000005d9700000, 0x0000000716c00000)
  object space 347136K, 0% used [0x00000005c4400000,0x00000005c4400000,0x00000005d9700000)
 Metaspace       used 19270K, capacity 20320K, committed 20608K, reserved 1067008K
  class space    used 2698K, capacity 2917K, committed 2944K, reserved 1048576K

Card table byte_map: [0x000001f6e3ac0000,0x000001f6e4aa0000] byte_map_base: 0x000001f6e0c9e000

Marking Bits: (ParMarkBitMap*) 0x0000000051ee7fe0
 Begin Bits: [0x000001f6e5540000, 0x000001f6ed430000)
 End Bits:   [0x000001f6ed430000, 0x000001f6f5320000)

Polling page: 0x000001f6d2e40000

CodeCache: size=245760Kb used=5378Kb max_used=5389Kb free=240381Kb
 bounds [0x000001f6d4700000, 0x000001f6d4c50000, 0x000001f6e3700000]
 total_blobs=2338 nmethods=1631 adapters=619
 compilation: enabled

Compilation events (10 events):
Event: 15.592 Thread 0x000001f6f788c000 1627   !   3       sun.nio.cs.StreamEncoder::write (78 bytes)
Event: 15.593 Thread 0x000001f6f788c000 nmethod 1627 0x000001f6d4c423d0 code [0x000001f6d4c425a0, 0x000001f6d4c42cd0]
Event: 15.599 Thread 0x000001f6f788c000 1628       1       com.sun.scenario.animation.AbstractPrimaryTimer::access$200 (5 bytes)
Event: 15.599 Thread 0x000001f6f788c000 nmethod 1628 0x000001f6d4c3ba90 code [0x000001f6d4c3bbe0, 0x000001f6d4c3bcd8]
Event: 15.601 Thread 0x000001f6f788c000 1629       3       java.util.concurrent.atomic.AtomicBoolean::set (14 bytes)
Event: 15.601 Thread 0x000001f6f788c000 nmethod 1629 0x000001f6d4c43110 code [0x000001f6d4c43260, 0x000001f6d4c43418]
Event: 15.635 Thread 0x000001f6f7842800 1630       4       java.lang.ref.Reference::<init> (25 bytes)
Event: 15.635 Thread 0x000001f6f788c000 1631       3       java.util.concurrent.atomic.AtomicInteger::incrementAndGet (14 bytes)
Event: 15.635 Thread 0x000001f6f788c000 nmethod 1631 0x000001f6d4c43490 code [0x000001f6d4c435e0, 0x000001f6d4c43738]
Event: 15.636 Thread 0x000001f6f7842800 nmethod 1630 0x000001f6d4c46490 code [0x000001f6d4c465c0, 0x000001f6d4c46678]

GC Heap History (0 events):
No events

Deoptimization events (10 events):
Event: 3.032 Thread 0x000001f6f9354800 Uncommon trap: reason=unstable_if action=reinterpret pc=0x000001f6d4b06bc4 method=java.lang.String.trim()Ljava/lang/String; @ 44
Event: 3.034 Thread 0x000001f6f9354800 Uncommon trap: reason=class_check action=maybe_recompile pc=0x000001f6d4af9298 method=java.util.HashMap.putVal(ILjava/lang/Object;Ljava/lang/Object;ZZ)Ljava/lang/Object; @ 203
Event: 3.034 Thread 0x000001f6f9354800 Uncommon trap: reason=class_check action=maybe_recompile pc=0x000001f6d4af9298 method=java.util.HashMap.putVal(ILjava/lang/Object;Ljava/lang/Object;ZZ)Ljava/lang/Object; @ 203
Event: 3.034 Thread 0x000001f6f9354800 Uncommon trap: reason=class_check action=maybe_recompile pc=0x000001f6d4af9298 method=java.util.HashMap.putVal(ILjava/lang/Object;Ljava/lang/Object;ZZ)Ljava/lang/Object; @ 203
Event: 3.034 Thread 0x000001f6f9354800 Uncommon trap: reason=class_check action=maybe_recompile pc=0x000001f6d4af9298 method=java.util.HashMap.putVal(ILjava/lang/Object;Ljava/lang/Object;ZZ)Ljava/lang/Object; @ 203
Event: 3.036 Thread 0x000001f6f9354800 Uncommon trap: reason=class_check action=maybe_recompile pc=0x000001f6d4af3d14 method=java.util.HashMap.putVal(ILjava/lang/Object;Ljava/lang/Object;ZZ)Ljava/lang/Object; @ 203
Event: 3.094 Thread 0x000001f6f9354800 Uncommon trap: reason=unstable_if action=reinterpret pc=0x000001f6d4bf1d50 method=java.util.Properties$LineReader.readLine()I @ 252
Event: 3.094 Thread 0x000001f6f9354800 Uncommon trap: reason=unstable_if action=reinterpret pc=0x000001f6d4bf3138 method=java.util.Properties.loadConvert([CII[C)Ljava/lang/String; @ 4
Event: 3.103 Thread 0x000001f6f9354800 Uncommon trap: reason=class_check action=maybe_recompile pc=0x000001f6d4c11bc8 method=java.util.Properties$LineReader.readLine()I @ 410
Event: 3.104 Thread 0x000001f6f9354800 Uncommon trap: reason=predicate action=maybe_recompile pc=0x000001f6d4b425c0 method=sun.net.www.ParseUtil.encodePath(Ljava/lang/String;Z)Ljava/lang/String; @ 36

Classes redefined (0 events):
No events

Internal exceptions (10 events):
Event: 11.498 Thread 0x000001f6f9354800 Exception <a 'java/lang/NullPointerException'> (0x000000071a1cd900) thrown at [C:\jenkins\workspace\8-2-build-windows-amd64-cygwin\jdk8u301\1513\hotspot\src\share\vm\interpreter\linkResolver.cpp, line 1287]
Event: 11.498 Thread 0x000001f6f9354800 Exception <a 'java/lang/reflect/InvocationTargetException'> (0x000000071a1cdcf0) thrown at [C:\jenkins\workspace\8-2-build-windows-amd64-cygwin\jdk8u301\1513\hotspot\src\share\vm\runtime\reflection.cpp, line 1092]
Event: 11.498 Thread 0x000001f6f9354800 Exception <a 'java/lang/RuntimeException'> (0x000000071a1ce4e0) thrown at [C:\jenkins\workspace\8-2-build-windows-amd64-cygwin\jdk8u301\1513\hotspot\src\share\vm\prims\jvm.cpp, line 1527]
Event: 13.542 Thread 0x000001f6f9354800 Exception <a 'java/net/ConnectException': Connection refused: connect> (0x000000071a1f28b0) thrown at [C:\jenkins\workspace\8-2-build-windows-amd64-cygwin\jdk8u301\1513\hotspot\src\share\vm\prims\jni.cpp, line 737]
Event: 15.577 Thread 0x000001f6f9354800 Exception <a 'java/net/ConnectException': Connection refused: connect> (0x000000071a1f3558) thrown at [C:\jenkins\workspace\8-2-build-windows-amd64-cygwin\jdk8u301\1513\hotspot\src\share\vm\prims\jni.cpp, line 737]
Event: 15.577 Thread 0x000001f6f9354800 Exception <a 'java/lang/reflect/InvocationTargetException'> (0x000000071a1f5f28) thrown at [C:\jenkins\workspace\8-2-build-windows-amd64-cygwin\jdk8u301\1513\hotspot\src\share\vm\runtime\reflection.cpp, line 1092]
Event: 15.577 Thread 0x000001f6f9354800 Exception <a 'java/lang/reflect/InvocationTargetException'> (0x000000071a1f6508) thrown at [C:\jenkins\workspace\8-2-build-windows-amd64-cygwin\jdk8u301\1513\hotspot\src\share\vm\runtime\reflection.cpp, line 1092]
Event: 15.577 Thread 0x000001f6f9354800 Exception <a 'java/lang/NullPointerException'> (0x000000071a1f7538) thrown at [C:\jenkins\workspace\8-2-build-windows-amd64-cygwin\jdk8u301\1513\hotspot\src\share\vm\interpreter\linkResolver.cpp, line 1287]
Event: 15.577 Thread 0x000001f6f9354800 Exception <a 'java/lang/reflect/InvocationTargetException'> (0x000000071a1f7928) thrown at [C:\jenkins\workspace\8-2-build-windows-amd64-cygwin\jdk8u301\1513\hotspot\src\share\vm\runtime\reflection.cpp, line 1092]
Event: 15.577 Thread 0x000001f6f9354800 Exception <a 'java/lang/RuntimeException'> (0x000000071a1f8118) thrown at [C:\jenkins\workspace\8-2-build-windows-amd64-cygwin\jdk8u301\1513\hotspot\src\share\vm\prims\jvm.cpp, line 1527]

Events (10 events):
Event: 15.633 loading class com/sun/prism/GraphicsResource
Event: 15.633 loading class com/sun/prism/GraphicsResource done
Event: 15.633 loading class com/sun/javafx/tk/quantum/ViewScene
Event: 15.633 loading class com/sun/javafx/tk/quantum/ViewScene done
Event: 15.634 loading class com/sun/javafx/tk/quantum/WindowStage
Event: 15.634 loading class com/sun/javafx/tk/quantum/WindowStage done
Event: 15.653 loading class javafx/application/Application
Event: 15.653 loading class javafx/application/Application done
Event: 15.653 loading class javafx/application/Application
Event: 15.653 loading class javafx/application/Application done


Dynamic libraries:
0x00007ff6a3a80000 - 0x00007ff6a3ac7000 	C:\Program Files\Java\jdk1.8.0_301\jre\bin\java.exe
0x00007ff8fd0d0000 - 0x00007ff8fd2c8000 	C:\Windows\SYSTEM32\ntdll.dll
0x00007ff8fbc80000 - 0x00007ff8fbd3f000 	C:\Windows\System32\KERNEL32.DLL
0x00007ff8fa880000 - 0x00007ff8fab76000 	C:\Windows\System32\KERNELBASE.dll
0x00007ff8fb490000 - 0x00007ff8fb53f000 	C:\Windows\System32\ADVAPI32.dll
0x00007ff8fb670000 - 0x00007ff8fb70e000 	C:\Windows\System32\msvcrt.dll
0x00007ff8fce50000 - 0x00007ff8fceec000 	C:\Windows\System32\sechost.dll
0x00007ff8fcb20000 - 0x00007ff8fcc46000 	C:\Windows\System32\RPCRT4.dll
0x00007ff8fcef0000 - 0x00007ff8fd08d000 	C:\Windows\System32\USER32.dll
0x00007ff8fa850000 - 0x00007ff8fa872000 	C:\Windows\System32\win32u.dll
0x00007ff8fca90000 - 0x00007ff8fcabc000 	C:\Windows\System32\GDI32.dll
0x00007ff8fb010000 - 0x00007ff8fb125000 	C:\Windows\System32\gdi32full.dll
0x00007ff8fa7b0000 - 0x00007ff8fa84d000 	C:\Windows\System32\msvcp_win.dll
0x00007ff8fabf0000 - 0x00007ff8facf0000 	C:\Windows\System32\ucrtbase.dll
0x00007ff8e77a0000 - 0x00007ff8e7a3a000 	C:\Windows\WinSxS\amd64_microsoft.windows.common-controls_6595b64144ccf1df_6.0.19041.1110_none_60b5254171f9507e\COMCTL32.dll
0x00007ff8fca60000 - 0x00007ff8fca90000 	C:\Windows\System32\IMM32.DLL
0x00007ff8f04f0000 - 0x00007ff8f0505000 	C:\Program Files\Java\jdk1.8.0_301\jre\bin\vcruntime140.dll
0x00007ff8e55a0000 - 0x00007ff8e563b000 	C:\Program Files\Java\jdk1.8.0_301\jre\bin\msvcp140.dll
0x0000000051700000 - 0x0000000051f60000 	C:\Program Files\Java\jdk1.8.0_301\jre\bin\server\jvm.dll
0x00007ff8fca40000 - 0x00007ff8fca48000 	C:\Windows\System32\PSAPI.DLL
0x00007ff8e3f70000 - 0x00007ff8e3f97000 	C:\Windows\SYSTEM32\WINMM.dll
0x00007ff8f7060000 - 0x00007ff8f7069000 	C:\Windows\SYSTEM32\WSOCK32.dll
0x00007ff8fb710000 - 0x00007ff8fb77b000 	C:\Windows\System32\WS2_32.dll
0x00007ff8f0070000 - 0x00007ff8f007a000 	C:\Windows\SYSTEM32\VERSION.dll
0x00007ff8f87f0000 - 0x00007ff8f8802000 	C:\Windows\SYSTEM32\kernel.appcore.dll
0x00007ff8f5d60000 - 0x00007ff8f5d70000 	C:\Program Files\Java\jdk1.8.0_301\jre\bin\verify.dll
0x00007ff8e6b50000 - 0x00007ff8e6b7b000 	C:\Program Files\Java\jdk1.8.0_301\jre\bin\java.dll
0x00007ff8f04d0000 - 0x00007ff8f04e8000 	C:\Program Files\Java\jdk1.8.0_301\jre\bin\zip.dll
0x00007ff8fbd40000 - 0x00007ff8fc484000 	C:\Windows\System32\SHELL32.dll
0x00007ff8f8810000 - 0x00007ff8f8fa3000 	C:\Windows\SYSTEM32\windows.storage.dll
0x00007ff8fb920000 - 0x00007ff8fbc74000 	C:\Windows\System32\combase.dll
0x00007ff8fa130000 - 0x00007ff8fa15e000 	C:\Windows\SYSTEM32\Wldp.dll
0x00007ff8fb130000 - 0x00007ff8fb1dd000 	C:\Windows\System32\SHCORE.dll
0x00007ff8fb540000 - 0x00007ff8fb595000 	C:\Windows\System32\shlwapi.dll
0x00007ff8fa6f0000 - 0x00007ff8fa70f000 	C:\Windows\SYSTEM32\profapi.dll
0x000001f6d2f40000 - 0x000001f6d2f43000 	C:\Program Files\Java\jdk1.8.0_301\jre\bin\api-ms-win-core-console-l1-1-0.dll
0x000001f6f9010000 - 0x000001f6f9013000 	C:\Program Files\Java\jdk1.8.0_301\jre\bin\api-ms-win-core-console-l1-2-0.dll
0x000001f6f9020000 - 0x000001f6f9023000 	C:\Program Files\Java\jdk1.8.0_301\jre\bin\api-ms-win-core-datetime-l1-1-0.dll
0x000001f6f9030000 - 0x000001f6f9033000 	C:\Program Files\Java\jdk1.8.0_301\jre\bin\api-ms-win-core-debug-l1-1-0.dll
0x000001f6f9040000 - 0x000001f6f9043000 	C:\Program Files\Java\jdk1.8.0_301\jre\bin\api-ms-win-core-errorhandling-l1-1-0.dll
0x000001f6f9050000 - 0x000001f6f9054000 	C:\Program Files\Java\jdk1.8.0_301\jre\bin\api-ms-win-core-file-l1-1-0.dll
0x000001f6f9060000 - 0x000001f6f9063000 	C:\Program Files\Java\jdk1.8.0_301\jre\bin\api-ms-win-core-file-l1-2-0.dll
0x000001f6f9070000 - 0x000001f6f9073000 	C:\Program Files\Java\jdk1.8.0_301\jre\bin\api-ms-win-core-file-l2-1-0.dll
0x000001f6f9080000 - 0x000001f6f9083000 	C:\Program Files\Java\jdk1.8.0_301\jre\bin\api-ms-win-core-handle-l1-1-0.dll
0x000001f6f9090000 - 0x000001f6f9093000 	C:\Program Files\Java\jdk1.8.0_301\jre\bin\api-ms-win-core-heap-l1-1-0.dll
0x000001f6f90a0000 - 0x000001f6f90a3000 	C:\Program Files\Java\jdk1.8.0_301\jre\bin\api-ms-win-core-interlocked-l1-1-0.dll
0x000001f6f90b0000 - 0x000001f6f90b3000 	C:\Program Files\Java\jdk1.8.0_301\jre\bin\api-ms-win-core-libraryloader-l1-1-0.dll
0x000001f6f90c0000 - 0x000001f6f90c3000 	C:\Program Files\Java\jdk1.8.0_301\jre\bin\api-ms-win-core-localization-l1-2-0.dll
0x000001f6f90d0000 - 0x000001f6f90d3000 	C:\Program Files\Java\jdk1.8.0_301\jre\bin\api-ms-win-core-memory-l1-1-0.dll
0x000001f6f90e0000 - 0x000001f6f90e3000 	C:\Program Files\Java\jdk1.8.0_301\jre\bin\api-ms-win-core-namedpipe-l1-1-0.dll
0x000001f6f90f0000 - 0x000001f6f90f3000 	C:\Program Files\Java\jdk1.8.0_301\jre\bin\api-ms-win-core-processenvironment-l1-1-0.dll
0x000001f6f9100000 - 0x000001f6f9103000 	C:\Program Files\Java\jdk1.8.0_301\jre\bin\api-ms-win-core-processthreads-l1-1-0.dll
0x000001f6f9110000 - 0x000001f6f9113000 	C:\Program Files\Java\jdk1.8.0_301\jre\bin\api-ms-win-core-processthreads-l1-1-1.dll
0x000001f6f9120000 - 0x000001f6f9123000 	C:\Program Files\Java\jdk1.8.0_301\jre\bin\api-ms-win-core-profile-l1-1-0.dll
0x000001f6f9130000 - 0x000001f6f9133000 	C:\Program Files\Java\jdk1.8.0_301\jre\bin\api-ms-win-core-rtlsupport-l1-1-0.dll
0x000001f6f9140000 - 0x000001f6f9143000 	C:\Program Files\Java\jdk1.8.0_301\jre\bin\api-ms-win-core-string-l1-1-0.dll
0x000001f6f9150000 - 0x000001f6f9153000 	C:\Program Files\Java\jdk1.8.0_301\jre\bin\api-ms-win-core-synch-l1-1-0.dll
0x000001f6f9160000 - 0x000001f6f9163000 	C:\Program Files\Java\jdk1.8.0_301\jre\bin\api-ms-win-core-synch-l1-2-0.dll
0x000001f6f9170000 - 0x000001f6f9173000 	C:\Program Files\Java\jdk1.8.0_301\jre\bin\api-ms-win-core-sysinfo-l1-1-0.dll
0x000001f6f9180000 - 0x000001f6f9183000 	C:\Program Files\Java\jdk1.8.0_301\jre\bin\api-ms-win-core-timezone-l1-1-0.dll
0x000001f6f9190000 - 0x000001f6f9193000 	C:\Program Files\Java\jdk1.8.0_301\jre\bin\api-ms-win-core-util-l1-1-0.dll
0x000001f6f91a0000 - 0x000001f6f91a3000 	C:\Program Files\Java\jdk1.8.0_301\jre\bin\api-ms-win-crt-conio-l1-1-0.dll
0x000001f6f91b0000 - 0x000001f6f91b4000 	C:\Program Files\Java\jdk1.8.0_301\jre\bin\api-ms-win-crt-convert-l1-1-0.dll
0x000001f6f91c0000 - 0x000001f6f91c3000 	C:\Program Files\Java\jdk1.8.0_301\jre\bin\api-ms-win-crt-environment-l1-1-0.dll
0x000001f6f91d0000 - 0x000001f6f91d3000 	C:\Program Files\Java\jdk1.8.0_301\jre\bin\api-ms-win-crt-filesystem-l1-1-0.dll
0x000001f6f91e0000 - 0x000001f6f91e3000 	C:\Program Files\Java\jdk1.8.0_301\jre\bin\api-ms-win-crt-heap-l1-1-0.dll
0x000001f6f91f0000 - 0x000001f6f91f3000 	C:\Program Files\Java\jdk1.8.0_301\jre\bin\api-ms-win-crt-locale-l1-1-0.dll
0x000001f6f9200000 - 0x000001f6f9205000 	C:\Program Files\Java\jdk1.8.0_301\jre\bin\api-ms-win-crt-math-l1-1-0.dll
0x000001f6f9210000 - 0x000001f6f9215000 	C:\Program Files\Java\jdk1.8.0_301\jre\bin\api-ms-win-crt-multibyte-l1-1-0.dll
0x000001f6f9220000 - 0x000001f6f9230000 	C:\Program Files\Java\jdk1.8.0_301\jre\bin\api-ms-win-crt-private-l1-1-0.dll
0x000001f6f9230000 - 0x000001f6f9233000 	C:\Program Files\Java\jdk1.8.0_301\jre\bin\api-ms-win-crt-process-l1-1-0.dll
0x000001f6f9240000 - 0x000001f6f9244000 	C:\Program Files\Java\jdk1.8.0_301\jre\bin\api-ms-win-crt-runtime-l1-1-0.dll
0x000001f6f9250000 - 0x000001f6f9254000 	C:\Program Files\Java\jdk1.8.0_301\jre\bin\api-ms-win-crt-stdio-l1-1-0.dll
0x000001f6f9260000 - 0x000001f6f9264000 	C:\Program Files\Java\jdk1.8.0_301\jre\bin\api-ms-win-crt-string-l1-1-0.dll
0x000001f6f9270000 - 0x000001f6f9273000 	C:\Program Files\Java\jdk1.8.0_301\jre\bin\api-ms-win-crt-time-l1-1-0.dll
0x000001f6f9280000 - 0x000001f6f9283000 	C:\Program Files\Java\jdk1.8.0_301\jre\bin\api-ms-win-crt-utility-l1-1-0.dll
0x00007ff8c13e0000 - 0x00007ff8c14da000 	C:\Program Files\Java\jdk1.8.0_301\jre\bin\ucrtbase.dll
0x00007ff8f3670000 - 0x00007ff8f367c000 	C:\Program Files\Java\jdk1.8.0_301\jre\bin\vcruntime140_1.dll
0x00007ff8e5860000 - 0x00007ff8e5883000 	C:\Program Files\Java\jdk1.8.0_301\jre\bin\prism_d3d.dll
0x00007ff8f1720000 - 0x00007ff8f18ed000 	C:\Windows\system32\d3d9.dll
0x00007ff8f7e50000 - 0x00007ff8f7e7f000 	C:\Windows\SYSTEM32\dwmapi.dll
0x00007ff8f7d50000 - 0x00007ff8f7dee000 	C:\Windows\system32\uxtheme.dll
0x00007ff8ac160000 - 0x00007ff8ac302000 	C:\Windows\System32\DriverStore\FileRepository\iigd_dch.inf_amd64_ebf638e0a8a70542\igdumdim64.dll
0x00007ff8fb7f0000 - 0x00007ff8fb91a000 	C:\Windows\System32\ole32.dll
0x00007ff8965f0000 - 0x00007ff89a200000 	C:\Windows\System32\DriverStore\FileRepository\iigd_dch.inf_amd64_ebf638e0a8a70542\igd9dxva64.dll
0x00007ff8fb5a0000 - 0x00007ff8fb66d000 	C:\Windows\System32\OLEAUT32.dll
0x00007ff8fc540000 - 0x00007ff8fc9a8000 	C:\Windows\System32\SETUPAPI.dll
0x00007ff8fad20000 - 0x00007ff8fad6e000 	C:\Windows\System32\cfgmgr32.dll
0x00007ff8facf0000 - 0x00007ff8fad17000 	C:\Windows\System32\bcrypt.dll
0x00007ff8f1fd0000 - 0x00007ff8f2397000 	C:\Windows\System32\DriverStore\FileRepository\iigd_dch.inf_amd64_ebf638e0a8a70542\igdgmm64.dll
0x00007ff8dbaa0000 - 0x00007ff8dbae2000 	C:\Program Files\Java\jdk1.8.0_301\jre\bin\glass.dll
0x00007ff8fcd70000 - 0x00007ff8fce4a000 	C:\Windows\System32\COMDLG32.dll
0x00007ff8fcc50000 - 0x00007ff8fcd64000 	C:\Windows\System32\MSCTF.dll
0x00007ff8fad70000 - 0x00007ff8fadf2000 	C:\Windows\System32\bcryptPrimitives.dll
0x00007ff8f36c0000 - 0x00007ff8f36e7000 	C:\Windows\System32\DriverStore\FileRepository\iigd_dch.inf_amd64_ebf638e0a8a70542\igdinfo64.dll
0x00007ff8e8f10000 - 0x00007ff8ec4c2000 	C:\Windows\System32\DriverStore\FileRepository\iigd_dch.inf_amd64_ebf638e0a8a70542\igc64.dll
0x00007ff8f2940000 - 0x00007ff8f297b000 	C:\Windows\SYSTEM32\dxcore.dll
0x00007ff8e6880000 - 0x00007ff8e6894000 	C:\Program Files\Java\jdk1.8.0_301\jre\bin\javafx_font.dll
0x00007ff8e5270000 - 0x00007ff8e54ef000 	C:\Windows\SYSTEM32\dwrite.dll
0x00007ff8fc490000 - 0x00007ff8fc539000 	C:\Windows\System32\clbcatq.dll
0x00007ff8f5540000 - 0x00007ff8f56f4000 	C:\Windows\SYSTEM32\WindowsCodecs.dll
0x00007ff8e6100000 - 0x00007ff8e613e000 	C:\Windows\system32\dataexchange.dll
0x00007ff8f6770000 - 0x00007ff8f69d3000 	C:\Windows\system32\d3d11.dll
0x00007ff8f7080000 - 0x00007ff8f7263000 	C:\Windows\system32\dcomp.dll
0x00007ff8f9010000 - 0x00007ff8f9103000 	C:\Windows\system32\dxgi.dll
0x00007ff8f51c0000 - 0x00007ff8f53c0000 	C:\Windows\system32\twinapi.appcore.dll
0x00007ff8d27f0000 - 0x00007ff8d2824000 	C:\Program Files\Common Files\Microsoft Shared\Ink\rtscom.dll
0x00007ff8e7a50000 - 0x00007ff8e7b4a000 	C:\Windows\SYSTEM32\textinputframework.dll
0x00007ff8f7270000 - 0x00007ff8f75ce000 	C:\Windows\System32\CoreUIComponents.dll
0x00007ff8f7950000 - 0x00007ff8f7a42000 	C:\Windows\System32\CoreMessaging.dll
0x00007ff8f9920000 - 0x00007ff8f9953000 	C:\Windows\SYSTEM32\ntmarta.dll
0x00007ff8f61b0000 - 0x00007ff8f6304000 	C:\Windows\SYSTEM32\wintypes.dll
0x00007ff8c4d50000 - 0x00007ff8c5045000 	C:\Windows\SYSTEM32\UIAutomationCore.DLL
0x00007ff8f5ee0000 - 0x00007ff8f5fd6000 	C:\Windows\SYSTEM32\PROPSYS.dll
0x00007ff8e6800000 - 0x00007ff8e687f000 	C:\Windows\System32\OneCoreCommonProxyStub.dll
0x00007ff8e4c10000 - 0x00007ff8e4c22000 	C:\Program Files\Java\jdk1.8.0_301\jre\bin\prism_common.dll
0x00007ff8e6b30000 - 0x00007ff8e6b4c000 	C:\Program Files\Java\jdk1.8.0_301\jre\bin\net.dll
0x00007ff8f9f10000 - 0x00007ff8f9f7a000 	C:\Windows\system32\mswsock.dll
0x00007ff8f9c20000 - 0x00007ff8f9ceb000 	C:\Windows\SYSTEM32\DNSAPI.dll
0x00007ff8f9bd0000 - 0x00007ff8f9c0c000 	C:\Windows\SYSTEM32\IPHLPAPI.DLL
0x00007ff8fca50000 - 0x00007ff8fca58000 	C:\Windows\System32\NSI.dll
0x00007ff8efc70000 - 0x00007ff8efc7a000 	C:\Windows\System32\rasadhlp.dll
0x00007ff8effe0000 - 0x00007ff8f0062000 	C:\Windows\System32\fwpuclnt.dll
0x00007ff8f8390000 - 0x00007ff8f8574000 	C:\Windows\SYSTEM32\dbghelp.dll

VM Arguments:
jvm_args: -Dfile.encoding=UTF-8 
java_command: edu.connection.AdminAddTest.Main
java_class_path (initial): C:\Program Files\NetBeans 8.1\ide\modules\ext\mysql-connector-java-5.1.23-bin.jar;C:\Users\Dell\Desktop\Esprit\java-jar\notification-7.1.2.jar;C:\Users\Dell\Documents\NetBeansProjects\commons-logging-1.2.jar;C:\Users\Dell\Documents\NetBeansProjects\fontbox-2.0.27.jar;C:\Users\Dell\Documents\NetBeansProjects\pdfbox-2.0.27.jar;C:\Users\Dell\Documents\NetBeansProjects\pdfbox-app-3.0.0-alpha3.jar;C:\Users\Dell\Documents\NetBeansProjects\jar\fontbox-3.0.0-alpha3 (1).jar;C:\Users\Dell\Documents\NetBeansProjects\jar\pdfbox-3.0.0-alpha3 (1).jar;C:\Users\Dell\Documents\NetBeansProjects\jar\pdfbox-debugger-3.0.0-alpha3.jar;C:\Users\Dell\Documents\NetBeansProjects\jar\pdfbox-tools-3.0.0-alpha3.jar;C:\Users\Dell\Documents\NetBeansProjects\jar\preflight-3.0.0-alpha3.jar;C:\Users\Dell\Documents\NetBeansProjects\jar\xmpbox-3.0.0-alpha3.jar;C:\Users\Dell\Downloads\itextpdf-5.5.13.3.jar;C:\Users\Dell\HireProPi\build\classes
Launcher Type: SUN_STANDARD

Environment Variables:
JAVA_HOME=C:\Program Files\Java\jdk1.8.0_301
PATH=C:\Program Files\Java\jdk1.8.0_301\bin;C:\Program Files (x86)\Common Files\Oracle\Java\javapath;C:\oraclexe\app\oracle\product\10.2.0\server\bin;"C:\Program Files (x86)\CodeBlocks\MinGW\bin;C:\Program Files (x86)\VMware\VMware Workstation\bin\";C:\Windows\system32;C:\Windows;C:\Windows\System32\Wbem;C:\Windows\System32\WindowsPowerShell\v1.0\;C:\Windows\System32\OpenSSH\;C:\Program Files (x86)\NVIDIA Corporation\PhysX\Common;C:\Program Files\NVIDIA Corporation\NVIDIA NvDLISR;C:\Program Files\PuTTY\;C:\Program Files\MySQL\MySQL Server 5.7\bin;C:\Program Files (x86)\PuTTY\;C:\xampp\php;C:\ProgramData\ComposerSetup\bin;C:\Program Files\Git\cmd;C:\Users\Dell\scoop\shims;C:\Users\Dell\AppData\Local\Microsoft\WindowsApps;C:\Users\Dell\AppData\Local\Programs\Microsoft VS Code\bin;C:\Program Files\JetBrains\DataGrip 2021.3.4\bin;;C:\Users\Dell\AppData\Local\Programs\MiKTeX 2.9\miktex\bin\x64\;C:\Users\Dell\AppData\Roaming\Composer\vendor\bin;C:\Users\Dell\AppData\Local\GitHubDesktop\bin
USERNAME=Dell
OS=Windows_NT
PROCESSOR_IDENTIFIER=Intel64 Family 6 Model 140 Stepping 1, GenuineIntel



---------------  S Y S T E M  ---------------

OS: Windows 10.0 , 64 bit Build 19041 (10.0.19041.2913)

CPU:total 8 (initial active 8) (4 cores per cpu, 2 threads per core) family 6 model 140 stepping 1, cmov, cx8, fxsr, mmx, sse, sse2, sse3, ssse3, sse4.1, sse4.2, popcnt, avx, avx2, aes, clmul, erms, 3dnowpref, lzcnt, ht, tsc, tscinvbit, bmi1, bmi2, adx

Memory: 4k page, physical 33274664k(24545748k free), swap 38255400k(27087144k free)

vm_info: Java HotSpot(TM) 64-Bit Server VM (25.301-b09) for windows-amd64 JRE (1.8.0_301-b09), built on Jun  9 2021 06:46:21 by "java_re" with MS VC++ 15.9 (VS2017)

time: Mon Jun 19 18:34:11 2023
timezone: Afr. centrale Ouest
elapsed time: 16.762541 seconds (0d 0h 0m 16s)

